{"C:\\Users\\KGM\\OneDrive\\Documents\\GitHub\\fyp-cart-ms\\src\\routes\\cart\\addtocart.js": {"path":"C:\\Users\\KGM\\OneDrive\\Documents\\GitHub\\fyp-cart-ms\\src\\routes\\cart\\addtocart.js","statementMap":{"0":{"start":{"line":1,"column":21},"end":{"line":1,"column":49}},"1":{"start":{"line":3,"column":18},"end":{"line":28,"column":1}},"2":{"start":{"line":4,"column":42},"end":{"line":4,"column":50}},"3":{"start":{"line":5,"column":13},"end":{"line":5,"column":92}},"4":{"start":{"line":8,"column":2},"end":{"line":27,"column":3}},"5":{"start":{"line":11,"column":4},"end":{"line":21,"column":5}},"6":{"start":{"line":13,"column":6},"end":{"line":17,"column":7}},"7":{"start":{"line":14,"column":8},"end":{"line":14,"column":75}},"8":{"start":{"line":16,"column":8},"end":{"line":16,"column":58}},"9":{"start":{"line":20,"column":6},"end":{"line":20,"column":46}},"10":{"start":{"line":24,"column":21},"end":{"line":24,"column":54}},"11":{"start":{"line":25,"column":4},"end":{"line":25,"column":27}},"12":{"start":{"line":26,"column":4},"end":{"line":26,"column":45}},"13":{"start":{"line":30,"column":24},"end":{"line":30,"column":51}},"14":{"start":{"line":31,"column":0},"end":{"line":31,"column":33}}},"fnMap":{"0":{"name":"(anonymous_0)","decl":{"start":{"line":3,"column":18},"end":{"line":3,"column":19}},"loc":{"start":{"line":3,"column":38},"end":{"line":28,"column":1}},"line":3}},"branchMap":{"0":{"loc":{"start":{"line":8,"column":2},"end":{"line":27,"column":3}},"type":"if","locations":[{"start":{"line":8,"column":2},"end":{"line":27,"column":3}},{"start":{"line":8,"column":2},"end":{"line":27,"column":3}}],"line":8},"1":{"loc":{"start":{"line":8,"column":6},"end":{"line":8,"column":44}},"type":"binary-expr","locations":[{"start":{"line":8,"column":6},"end":{"line":8,"column":16}},{"start":{"line":8,"column":20},"end":{"line":8,"column":29}},{"start":{"line":8,"column":33},"end":{"line":8,"column":44}}],"line":8},"2":{"loc":{"start":{"line":11,"column":4},"end":{"line":21,"column":5}},"type":"if","locations":[{"start":{"line":11,"column":4},"end":{"line":21,"column":5}},{"start":{"line":11,"column":4},"end":{"line":21,"column":5}}],"line":11},"3":{"loc":{"start":{"line":13,"column":6},"end":{"line":17,"column":7}},"type":"if","locations":[{"start":{"line":13,"column":6},"end":{"line":17,"column":7}},{"start":{"line":13,"column":6},"end":{"line":17,"column":7}}],"line":13}},"s":{"0":1,"1":1,"2":5,"3":5,"4":5,"5":4,"6":3,"7":2,"8":1,"9":1,"10":1,"11":1,"12":1,"13":1,"14":1},"f":{"0":5},"b":{"0":[4,1],"1":[5,2,1],"2":[3,1],"3":[2,1]},"_coverageSchema":"1a1c01bbd47fc00a2c39e90264f33305004495a9","hash":"3b6c7e18ad7762a30a3b653dea6ad55d7f19806d"}
,"C:\\Users\\KGM\\OneDrive\\Documents\\GitHub\\fyp-cart-ms\\src\\routes\\cart\\createcart.js": {"path":"C:\\Users\\KGM\\OneDrive\\Documents\\GitHub\\fyp-cart-ms\\src\\routes\\cart\\createcart.js","statementMap":{"0":{"start":{"line":1,"column":21},"end":{"line":1,"column":49}},"1":{"start":{"line":3,"column":19},"end":{"line":27,"column":1}},"2":{"start":{"line":4,"column":15},"end":{"line":4,"column":68}},"3":{"start":{"line":7,"column":2},"end":{"line":26,"column":3}},"4":{"start":{"line":10,"column":4},"end":{"line":20,"column":5}},"5":{"start":{"line":12,"column":6},"end":{"line":16,"column":7}},"6":{"start":{"line":13,"column":8},"end":{"line":13,"column":75}},"7":{"start":{"line":15,"column":8},"end":{"line":15,"column":58}},"8":{"start":{"line":19,"column":6},"end":{"line":19,"column":46}},"9":{"start":{"line":23,"column":21},"end":{"line":23,"column":54}},"10":{"start":{"line":24,"column":4},"end":{"line":24,"column":27}},"11":{"start":{"line":25,"column":4},"end":{"line":25,"column":45}},"12":{"start":{"line":29,"column":24},"end":{"line":29,"column":52}},"13":{"start":{"line":30,"column":0},"end":{"line":30,"column":33}}},"fnMap":{"0":{"name":"(anonymous_0)","decl":{"start":{"line":3,"column":19},"end":{"line":3,"column":20}},"loc":{"start":{"line":3,"column":39},"end":{"line":27,"column":1}},"line":3}},"branchMap":{"0":{"loc":{"start":{"line":7,"column":2},"end":{"line":26,"column":3}},"type":"if","locations":[{"start":{"line":7,"column":2},"end":{"line":26,"column":3}},{"start":{"line":7,"column":2},"end":{"line":26,"column":3}}],"line":7},"1":{"loc":{"start":{"line":7,"column":6},"end":{"line":7,"column":44}},"type":"binary-expr","locations":[{"start":{"line":7,"column":6},"end":{"line":7,"column":16}},{"start":{"line":7,"column":20},"end":{"line":7,"column":29}},{"start":{"line":7,"column":33},"end":{"line":7,"column":44}}],"line":7},"2":{"loc":{"start":{"line":10,"column":4},"end":{"line":20,"column":5}},"type":"if","locations":[{"start":{"line":10,"column":4},"end":{"line":20,"column":5}},{"start":{"line":10,"column":4},"end":{"line":20,"column":5}}],"line":10},"3":{"loc":{"start":{"line":12,"column":6},"end":{"line":16,"column":7}},"type":"if","locations":[{"start":{"line":12,"column":6},"end":{"line":16,"column":7}},{"start":{"line":12,"column":6},"end":{"line":16,"column":7}}],"line":12}},"s":{"0":1,"1":1,"2":5,"3":5,"4":4,"5":3,"6":2,"7":1,"8":1,"9":1,"10":1,"11":1,"12":1,"13":1},"f":{"0":5},"b":{"0":[4,1],"1":[5,2,1],"2":[3,1],"3":[2,1]},"_coverageSchema":"1a1c01bbd47fc00a2c39e90264f33305004495a9","hash":"0ce402982c1c5c8521c2a157daab3474f23aa643"}
,"C:\\Users\\KGM\\OneDrive\\Documents\\GitHub\\fyp-cart-ms\\src\\routes\\cart\\emptycart.js": {"path":"C:\\Users\\KGM\\OneDrive\\Documents\\GitHub\\fyp-cart-ms\\src\\routes\\cart\\emptycart.js","statementMap":{"0":{"start":{"line":1,"column":21},"end":{"line":1,"column":49}},"1":{"start":{"line":3,"column":19},"end":{"line":29,"column":1}},"2":{"start":{"line":5,"column":17},"end":{"line":5,"column":34}},"3":{"start":{"line":6,"column":15},"end":{"line":6,"column":73}},"4":{"start":{"line":9,"column":2},"end":{"line":28,"column":3}},"5":{"start":{"line":12,"column":4},"end":{"line":22,"column":5}},"6":{"start":{"line":14,"column":6},"end":{"line":18,"column":7}},"7":{"start":{"line":15,"column":8},"end":{"line":15,"column":75}},"8":{"start":{"line":17,"column":8},"end":{"line":17,"column":58}},"9":{"start":{"line":21,"column":6},"end":{"line":21,"column":46}},"10":{"start":{"line":25,"column":21},"end":{"line":25,"column":54}},"11":{"start":{"line":26,"column":4},"end":{"line":26,"column":27}},"12":{"start":{"line":27,"column":4},"end":{"line":27,"column":45}},"13":{"start":{"line":31,"column":24},"end":{"line":31,"column":51}},"14":{"start":{"line":32,"column":0},"end":{"line":32,"column":33}}},"fnMap":{"0":{"name":"(anonymous_0)","decl":{"start":{"line":3,"column":19},"end":{"line":3,"column":20}},"loc":{"start":{"line":3,"column":39},"end":{"line":29,"column":1}},"line":3}},"branchMap":{"0":{"loc":{"start":{"line":9,"column":2},"end":{"line":28,"column":3}},"type":"if","locations":[{"start":{"line":9,"column":2},"end":{"line":28,"column":3}},{"start":{"line":9,"column":2},"end":{"line":28,"column":3}}],"line":9},"1":{"loc":{"start":{"line":9,"column":6},"end":{"line":9,"column":44}},"type":"binary-expr","locations":[{"start":{"line":9,"column":6},"end":{"line":9,"column":16}},{"start":{"line":9,"column":20},"end":{"line":9,"column":29}},{"start":{"line":9,"column":33},"end":{"line":9,"column":44}}],"line":9},"2":{"loc":{"start":{"line":12,"column":4},"end":{"line":22,"column":5}},"type":"if","locations":[{"start":{"line":12,"column":4},"end":{"line":22,"column":5}},{"start":{"line":12,"column":4},"end":{"line":22,"column":5}}],"line":12},"3":{"loc":{"start":{"line":14,"column":6},"end":{"line":18,"column":7}},"type":"if","locations":[{"start":{"line":14,"column":6},"end":{"line":18,"column":7}},{"start":{"line":14,"column":6},"end":{"line":18,"column":7}}],"line":14}},"s":{"0":1,"1":1,"2":5,"3":5,"4":5,"5":4,"6":3,"7":2,"8":1,"9":1,"10":1,"11":1,"12":1,"13":1,"14":1},"f":{"0":5},"b":{"0":[4,1],"1":[5,2,1],"2":[3,1],"3":[2,1]},"_coverageSchema":"1a1c01bbd47fc00a2c39e90264f33305004495a9","hash":"a718bd4cc1f9ce57e85cdb9a56180294993942b3"}
,"C:\\Users\\KGM\\OneDrive\\Documents\\GitHub\\fyp-cart-ms\\src\\routes\\cart\\fetchcart.js": {"path":"C:\\Users\\KGM\\OneDrive\\Documents\\GitHub\\fyp-cart-ms\\src\\routes\\cart\\fetchcart.js","statementMap":{"0":{"start":{"line":1,"column":21},"end":{"line":1,"column":49}},"1":{"start":{"line":3,"column":18},"end":{"line":28,"column":1}},"2":{"start":{"line":4,"column":19},"end":{"line":4,"column":36}},"3":{"start":{"line":5,"column":17},"end":{"line":5,"column":75}},"4":{"start":{"line":8,"column":3},"end":{"line":27,"column":3}},"5":{"start":{"line":11,"column":4},"end":{"line":21,"column":5}},"6":{"start":{"line":13,"column":6},"end":{"line":17,"column":7}},"7":{"start":{"line":14,"column":8},"end":{"line":14,"column":75}},"8":{"start":{"line":16,"column":8},"end":{"line":16,"column":58}},"9":{"start":{"line":20,"column":6},"end":{"line":20,"column":46}},"10":{"start":{"line":24,"column":21},"end":{"line":24,"column":54}},"11":{"start":{"line":25,"column":4},"end":{"line":25,"column":27}},"12":{"start":{"line":26,"column":4},"end":{"line":26,"column":45}},"13":{"start":{"line":30,"column":24},"end":{"line":30,"column":51}},"14":{"start":{"line":31,"column":0},"end":{"line":31,"column":33}}},"fnMap":{"0":{"name":"(anonymous_0)","decl":{"start":{"line":3,"column":18},"end":{"line":3,"column":19}},"loc":{"start":{"line":3,"column":38},"end":{"line":28,"column":1}},"line":3}},"branchMap":{"0":{"loc":{"start":{"line":8,"column":3},"end":{"line":27,"column":3}},"type":"if","locations":[{"start":{"line":8,"column":3},"end":{"line":27,"column":3}},{"start":{"line":8,"column":3},"end":{"line":27,"column":3}}],"line":8},"1":{"loc":{"start":{"line":8,"column":7},"end":{"line":8,"column":45}},"type":"binary-expr","locations":[{"start":{"line":8,"column":7},"end":{"line":8,"column":17}},{"start":{"line":8,"column":21},"end":{"line":8,"column":30}},{"start":{"line":8,"column":34},"end":{"line":8,"column":45}}],"line":8},"2":{"loc":{"start":{"line":11,"column":4},"end":{"line":21,"column":5}},"type":"if","locations":[{"start":{"line":11,"column":4},"end":{"line":21,"column":5}},{"start":{"line":11,"column":4},"end":{"line":21,"column":5}}],"line":11},"3":{"loc":{"start":{"line":13,"column":6},"end":{"line":17,"column":7}},"type":"if","locations":[{"start":{"line":13,"column":6},"end":{"line":17,"column":7}},{"start":{"line":13,"column":6},"end":{"line":17,"column":7}}],"line":13}},"s":{"0":1,"1":1,"2":5,"3":5,"4":5,"5":4,"6":3,"7":2,"8":1,"9":1,"10":1,"11":1,"12":1,"13":1,"14":1},"f":{"0":5},"b":{"0":[4,1],"1":[5,2,1],"2":[3,1],"3":[2,1]},"_coverageSchema":"1a1c01bbd47fc00a2c39e90264f33305004495a9","hash":"d0549b1923bf2acdff59a2ee4069b0f28d2506b9"}
,"C:\\Users\\KGM\\OneDrive\\Documents\\GitHub\\fyp-cart-ms\\src\\routes\\cart\\removefromcart.js": {"path":"C:\\Users\\KGM\\OneDrive\\Documents\\GitHub\\fyp-cart-ms\\src\\routes\\cart\\removefromcart.js","statementMap":{"0":{"start":{"line":1,"column":21},"end":{"line":1,"column":49}},"1":{"start":{"line":3,"column":23},"end":{"line":28,"column":1}},"2":{"start":{"line":4,"column":35},"end":{"line":4,"column":45}},"3":{"start":{"line":5,"column":17},"end":{"line":5,"column":92}},"4":{"start":{"line":8,"column":4},"end":{"line":27,"column":5}},"5":{"start":{"line":11,"column":8},"end":{"line":21,"column":9}},"6":{"start":{"line":13,"column":12},"end":{"line":17,"column":13}},"7":{"start":{"line":14,"column":16},"end":{"line":14,"column":85}},"8":{"start":{"line":16,"column":16},"end":{"line":16,"column":68}},"9":{"start":{"line":20,"column":12},"end":{"line":20,"column":52}},"10":{"start":{"line":24,"column":25},"end":{"line":24,"column":58}},"11":{"start":{"line":25,"column":8},"end":{"line":25,"column":31}},"12":{"start":{"line":26,"column":8},"end":{"line":26,"column":49}},"13":{"start":{"line":30,"column":24},"end":{"line":30,"column":56}},"14":{"start":{"line":31,"column":0},"end":{"line":31,"column":33}}},"fnMap":{"0":{"name":"(anonymous_0)","decl":{"start":{"line":3,"column":23},"end":{"line":3,"column":24}},"loc":{"start":{"line":3,"column":43},"end":{"line":28,"column":1}},"line":3}},"branchMap":{"0":{"loc":{"start":{"line":8,"column":4},"end":{"line":27,"column":5}},"type":"if","locations":[{"start":{"line":8,"column":4},"end":{"line":27,"column":5}},{"start":{"line":8,"column":4},"end":{"line":27,"column":5}}],"line":8},"1":{"loc":{"start":{"line":8,"column":8},"end":{"line":8,"column":46}},"type":"binary-expr","locations":[{"start":{"line":8,"column":8},"end":{"line":8,"column":18}},{"start":{"line":8,"column":22},"end":{"line":8,"column":31}},{"start":{"line":8,"column":35},"end":{"line":8,"column":46}}],"line":8},"2":{"loc":{"start":{"line":11,"column":8},"end":{"line":21,"column":9}},"type":"if","locations":[{"start":{"line":11,"column":8},"end":{"line":21,"column":9}},{"start":{"line":11,"column":8},"end":{"line":21,"column":9}}],"line":11},"3":{"loc":{"start":{"line":13,"column":12},"end":{"line":17,"column":13}},"type":"if","locations":[{"start":{"line":13,"column":12},"end":{"line":17,"column":13}},{"start":{"line":13,"column":12},"end":{"line":17,"column":13}}],"line":13}},"s":{"0":1,"1":1,"2":5,"3":5,"4":5,"5":4,"6":3,"7":2,"8":1,"9":1,"10":1,"11":1,"12":1,"13":1,"14":1},"f":{"0":5},"b":{"0":[4,1],"1":[5,2,1],"2":[3,1],"3":[2,1]},"_coverageSchema":"1a1c01bbd47fc00a2c39e90264f33305004495a9","hash":"83e71275d97200094e45b47510f535d1bd7b866f"}
,"C:\\Users\\KGM\\OneDrive\\Documents\\GitHub\\fyp-cart-ms\\src\\routes\\cart\\updatecartqty.js": {"path":"C:\\Users\\KGM\\OneDrive\\Documents\\GitHub\\fyp-cart-ms\\src\\routes\\cart\\updatecartqty.js","statementMap":{"0":{"start":{"line":1,"column":21},"end":{"line":1,"column":49}},"1":{"start":{"line":3,"column":22},"end":{"line":29,"column":1}},"2":{"start":{"line":4,"column":45},"end":{"line":4,"column":53}},"3":{"start":{"line":6,"column":17},"end":{"line":6,"column":101}},"4":{"start":{"line":9,"column":4},"end":{"line":28,"column":5}},"5":{"start":{"line":12,"column":8},"end":{"line":22,"column":9}},"6":{"start":{"line":14,"column":12},"end":{"line":18,"column":13}},"7":{"start":{"line":15,"column":16},"end":{"line":15,"column":85}},"8":{"start":{"line":17,"column":16},"end":{"line":17,"column":68}},"9":{"start":{"line":21,"column":12},"end":{"line":21,"column":52}},"10":{"start":{"line":25,"column":25},"end":{"line":25,"column":58}},"11":{"start":{"line":26,"column":8},"end":{"line":26,"column":31}},"12":{"start":{"line":27,"column":8},"end":{"line":27,"column":49}},"13":{"start":{"line":31,"column":24},"end":{"line":31,"column":55}},"14":{"start":{"line":32,"column":0},"end":{"line":32,"column":33}}},"fnMap":{"0":{"name":"(anonymous_0)","decl":{"start":{"line":3,"column":22},"end":{"line":3,"column":23}},"loc":{"start":{"line":3,"column":42},"end":{"line":29,"column":1}},"line":3}},"branchMap":{"0":{"loc":{"start":{"line":9,"column":4},"end":{"line":28,"column":5}},"type":"if","locations":[{"start":{"line":9,"column":4},"end":{"line":28,"column":5}},{"start":{"line":9,"column":4},"end":{"line":28,"column":5}}],"line":9},"1":{"loc":{"start":{"line":9,"column":8},"end":{"line":9,"column":46}},"type":"binary-expr","locations":[{"start":{"line":9,"column":8},"end":{"line":9,"column":18}},{"start":{"line":9,"column":22},"end":{"line":9,"column":31}},{"start":{"line":9,"column":35},"end":{"line":9,"column":46}}],"line":9},"2":{"loc":{"start":{"line":12,"column":8},"end":{"line":22,"column":9}},"type":"if","locations":[{"start":{"line":12,"column":8},"end":{"line":22,"column":9}},{"start":{"line":12,"column":8},"end":{"line":22,"column":9}}],"line":12},"3":{"loc":{"start":{"line":14,"column":12},"end":{"line":18,"column":13}},"type":"if","locations":[{"start":{"line":14,"column":12},"end":{"line":18,"column":13}},{"start":{"line":14,"column":12},"end":{"line":18,"column":13}}],"line":14}},"s":{"0":1,"1":1,"2":5,"3":5,"4":5,"5":4,"6":3,"7":2,"8":1,"9":1,"10":1,"11":1,"12":1,"13":1,"14":1},"f":{"0":5},"b":{"0":[4,1],"1":[5,2,1],"2":[3,1],"3":[2,1]},"_coverageSchema":"1a1c01bbd47fc00a2c39e90264f33305004495a9","hash":"3b2531ee1806c0d674a97c6317cb6c2b35e3d8f0"}
,"C:\\Users\\KGM\\OneDrive\\Documents\\GitHub\\fyp-cart-ms\\src\\routes\\functions\\cart.js": {"path":"C:\\Users\\KGM\\OneDrive\\Documents\\GitHub\\fyp-cart-ms\\src\\routes\\functions\\cart.js","statementMap":{"0":{"start":{"line":2,"column":0},"end":{"line":2,"column":26}},"1":{"start":{"line":5,"column":12},"end":{"line":5,"column":51}},"2":{"start":{"line":7,"column":16},"end":{"line":14,"column":2}},"3":{"start":{"line":16,"column":0},"end":{"line":180,"column":1}},"4":{"start":{"line":27,"column":4},"end":{"line":44,"column":7}},"5":{"start":{"line":28,"column":6},"end":{"line":28,"column":54}},"6":{"start":{"line":31,"column":27},"end":{"line":31,"column":81}},"7":{"start":{"line":33,"column":6},"end":{"line":43,"column":7}},"8":{"start":{"line":34,"column":8},"end":{"line":34,"column":43}},"9":{"start":{"line":35,"column":8},"end":{"line":35,"column":97}},"10":{"start":{"line":36,"column":13},"end":{"line":43,"column":7}},"11":{"start":{"line":37,"column":8},"end":{"line":37,"column":100}},"12":{"start":{"line":38,"column":8},"end":{"line":38,"column":109}},"13":{"start":{"line":40,"column":8},"end":{"line":40,"column":75}},"14":{"start":{"line":41,"column":8},"end":{"line":41,"column":105}},"15":{"start":{"line":55,"column":4},"end":{"line":72,"column":7}},"16":{"start":{"line":56,"column":6},"end":{"line":56,"column":54}},"17":{"start":{"line":59,"column":27},"end":{"line":59,"column":92}},"18":{"start":{"line":61,"column":6},"end":{"line":71,"column":7}},"19":{"start":{"line":62,"column":8},"end":{"line":62,"column":43}},"20":{"start":{"line":63,"column":8},"end":{"line":63,"column":97}},"21":{"start":{"line":64,"column":13},"end":{"line":71,"column":7}},"22":{"start":{"line":65,"column":8},"end":{"line":65,"column":100}},"23":{"start":{"line":66,"column":8},"end":{"line":66,"column":109}},"24":{"start":{"line":68,"column":8},"end":{"line":68,"column":75}},"25":{"start":{"line":69,"column":8},"end":{"line":69,"column":105}},"26":{"start":{"line":82,"column":4},"end":{"line":99,"column":7}},"27":{"start":{"line":83,"column":6},"end":{"line":83,"column":54}},"28":{"start":{"line":86,"column":27},"end":{"line":86,"column":85}},"29":{"start":{"line":88,"column":6},"end":{"line":98,"column":7}},"30":{"start":{"line":89,"column":8},"end":{"line":89,"column":43}},"31":{"start":{"line":90,"column":8},"end":{"line":90,"column":97}},"32":{"start":{"line":91,"column":13},"end":{"line":98,"column":7}},"33":{"start":{"line":92,"column":8},"end":{"line":92,"column":100}},"34":{"start":{"line":93,"column":8},"end":{"line":93,"column":109}},"35":{"start":{"line":95,"column":8},"end":{"line":95,"column":75}},"36":{"start":{"line":96,"column":8},"end":{"line":96,"column":105}},"37":{"start":{"line":107,"column":4},"end":{"line":124,"column":7}},"38":{"start":{"line":108,"column":6},"end":{"line":108,"column":54}},"39":{"start":{"line":111,"column":27},"end":{"line":111,"column":71}},"40":{"start":{"line":113,"column":6},"end":{"line":123,"column":7}},"41":{"start":{"line":114,"column":8},"end":{"line":114,"column":43}},"42":{"start":{"line":115,"column":8},"end":{"line":115,"column":97}},"43":{"start":{"line":116,"column":13},"end":{"line":123,"column":7}},"44":{"start":{"line":117,"column":8},"end":{"line":117,"column":100}},"45":{"start":{"line":118,"column":8},"end":{"line":118,"column":109}},"46":{"start":{"line":120,"column":8},"end":{"line":120,"column":75}},"47":{"start":{"line":121,"column":8},"end":{"line":121,"column":105}},"48":{"start":{"line":132,"column":4},"end":{"line":151,"column":9}},"49":{"start":{"line":134,"column":8},"end":{"line":134,"column":56}},"50":{"start":{"line":138,"column":29},"end":{"line":138,"column":73}},"51":{"start":{"line":140,"column":8},"end":{"line":150,"column":9}},"52":{"start":{"line":141,"column":10},"end":{"line":141,"column":45}},"53":{"start":{"line":142,"column":10},"end":{"line":142,"column":99}},"54":{"start":{"line":143,"column":15},"end":{"line":150,"column":9}},"55":{"start":{"line":144,"column":10},"end":{"line":144,"column":102}},"56":{"start":{"line":145,"column":10},"end":{"line":145,"column":111}},"57":{"start":{"line":147,"column":10},"end":{"line":147,"column":77}},"58":{"start":{"line":148,"column":10},"end":{"line":148,"column":107}},"59":{"start":{"line":159,"column":4},"end":{"line":178,"column":9}},"60":{"start":{"line":161,"column":8},"end":{"line":161,"column":56}},"61":{"start":{"line":165,"column":29},"end":{"line":165,"column":73}},"62":{"start":{"line":167,"column":8},"end":{"line":177,"column":9}},"63":{"start":{"line":168,"column":10},"end":{"line":168,"column":45}},"64":{"start":{"line":169,"column":10},"end":{"line":169,"column":99}},"65":{"start":{"line":170,"column":15},"end":{"line":177,"column":9}},"66":{"start":{"line":171,"column":10},"end":{"line":171,"column":102}},"67":{"start":{"line":172,"column":10},"end":{"line":172,"column":111}},"68":{"start":{"line":174,"column":10},"end":{"line":174,"column":77}},"69":{"start":{"line":175,"column":10},"end":{"line":175,"column":107}}},"fnMap":{"0":{"name":"(anonymous_0)","decl":{"start":{"line":26,"column":19},"end":{"line":26,"column":20}},"loc":{"start":{"line":26,"column":58},"end":{"line":45,"column":3}},"line":26},"1":{"name":"(anonymous_1)","decl":{"start":{"line":27,"column":82},"end":{"line":27,"column":83}},"loc":{"start":{"line":27,"column":92},"end":{"line":29,"column":5}},"line":27},"2":{"name":"(anonymous_2)","decl":{"start":{"line":29,"column":13},"end":{"line":29,"column":14}},"loc":{"start":{"line":29,"column":24},"end":{"line":44,"column":5}},"line":29},"3":{"name":"(anonymous_3)","decl":{"start":{"line":54,"column":23},"end":{"line":54,"column":24}},"loc":{"start":{"line":54,"column":63},"end":{"line":73,"column":3}},"line":54},"4":{"name":"(anonymous_4)","decl":{"start":{"line":55,"column":91},"end":{"line":55,"column":92}},"loc":{"start":{"line":55,"column":101},"end":{"line":57,"column":5}},"line":55},"5":{"name":"(anonymous_5)","decl":{"start":{"line":57,"column":13},"end":{"line":57,"column":14}},"loc":{"start":{"line":57,"column":24},"end":{"line":72,"column":5}},"line":57},"6":{"name":"(anonymous_6)","decl":{"start":{"line":81,"column":24},"end":{"line":81,"column":25}},"loc":{"start":{"line":81,"column":54},"end":{"line":100,"column":3}},"line":81},"7":{"name":"(anonymous_7)","decl":{"start":{"line":82,"column":70},"end":{"line":82,"column":71}},"loc":{"start":{"line":82,"column":80},"end":{"line":84,"column":5}},"line":82},"8":{"name":"(anonymous_8)","decl":{"start":{"line":84,"column":13},"end":{"line":84,"column":14}},"loc":{"start":{"line":84,"column":24},"end":{"line":99,"column":5}},"line":84},"9":{"name":"(anonymous_9)","decl":{"start":{"line":106,"column":19},"end":{"line":106,"column":20}},"loc":{"start":{"line":106,"column":37},"end":{"line":125,"column":3}},"line":106},"10":{"name":"(anonymous_10)","decl":{"start":{"line":107,"column":56},"end":{"line":107,"column":57}},"loc":{"start":{"line":107,"column":66},"end":{"line":109,"column":5}},"line":107},"11":{"name":"(anonymous_11)","decl":{"start":{"line":109,"column":13},"end":{"line":109,"column":14}},"loc":{"start":{"line":109,"column":24},"end":{"line":124,"column":5}},"line":109},"12":{"name":"(anonymous_12)","decl":{"start":{"line":131,"column":19},"end":{"line":131,"column":20}},"loc":{"start":{"line":131,"column":37},"end":{"line":152,"column":3}},"line":131},"13":{"name":"(anonymous_13)","decl":{"start":{"line":133,"column":12},"end":{"line":133,"column":13}},"loc":{"start":{"line":133,"column":28},"end":{"line":135,"column":7}},"line":133},"14":{"name":"(anonymous_14)","decl":{"start":{"line":136,"column":13},"end":{"line":136,"column":14}},"loc":{"start":{"line":136,"column":30},"end":{"line":151,"column":7}},"line":136},"15":{"name":"(anonymous_15)","decl":{"start":{"line":158,"column":20},"end":{"line":158,"column":21}},"loc":{"start":{"line":158,"column":32},"end":{"line":179,"column":3}},"line":158},"16":{"name":"(anonymous_16)","decl":{"start":{"line":160,"column":12},"end":{"line":160,"column":13}},"loc":{"start":{"line":160,"column":28},"end":{"line":162,"column":7}},"line":160},"17":{"name":"(anonymous_17)","decl":{"start":{"line":163,"column":13},"end":{"line":163,"column":14}},"loc":{"start":{"line":163,"column":30},"end":{"line":178,"column":7}},"line":163}},"branchMap":{"0":{"loc":{"start":{"line":33,"column":6},"end":{"line":43,"column":7}},"type":"if","locations":[{"start":{"line":33,"column":6},"end":{"line":43,"column":7}},{"start":{"line":33,"column":6},"end":{"line":43,"column":7}}],"line":33},"1":{"loc":{"start":{"line":36,"column":13},"end":{"line":43,"column":7}},"type":"if","locations":[{"start":{"line":36,"column":13},"end":{"line":43,"column":7}},{"start":{"line":36,"column":13},"end":{"line":43,"column":7}}],"line":36},"2":{"loc":{"start":{"line":61,"column":6},"end":{"line":71,"column":7}},"type":"if","locations":[{"start":{"line":61,"column":6},"end":{"line":71,"column":7}},{"start":{"line":61,"column":6},"end":{"line":71,"column":7}}],"line":61},"3":{"loc":{"start":{"line":64,"column":13},"end":{"line":71,"column":7}},"type":"if","locations":[{"start":{"line":64,"column":13},"end":{"line":71,"column":7}},{"start":{"line":64,"column":13},"end":{"line":71,"column":7}}],"line":64},"4":{"loc":{"start":{"line":88,"column":6},"end":{"line":98,"column":7}},"type":"if","locations":[{"start":{"line":88,"column":6},"end":{"line":98,"column":7}},{"start":{"line":88,"column":6},"end":{"line":98,"column":7}}],"line":88},"5":{"loc":{"start":{"line":91,"column":13},"end":{"line":98,"column":7}},"type":"if","locations":[{"start":{"line":91,"column":13},"end":{"line":98,"column":7}},{"start":{"line":91,"column":13},"end":{"line":98,"column":7}}],"line":91},"6":{"loc":{"start":{"line":113,"column":6},"end":{"line":123,"column":7}},"type":"if","locations":[{"start":{"line":113,"column":6},"end":{"line":123,"column":7}},{"start":{"line":113,"column":6},"end":{"line":123,"column":7}}],"line":113},"7":{"loc":{"start":{"line":116,"column":13},"end":{"line":123,"column":7}},"type":"if","locations":[{"start":{"line":116,"column":13},"end":{"line":123,"column":7}},{"start":{"line":116,"column":13},"end":{"line":123,"column":7}}],"line":116},"8":{"loc":{"start":{"line":140,"column":8},"end":{"line":150,"column":9}},"type":"if","locations":[{"start":{"line":140,"column":8},"end":{"line":150,"column":9}},{"start":{"line":140,"column":8},"end":{"line":150,"column":9}}],"line":140},"9":{"loc":{"start":{"line":143,"column":15},"end":{"line":150,"column":9}},"type":"if","locations":[{"start":{"line":143,"column":15},"end":{"line":150,"column":9}},{"start":{"line":143,"column":15},"end":{"line":150,"column":9}}],"line":143},"10":{"loc":{"start":{"line":167,"column":8},"end":{"line":177,"column":9}},"type":"if","locations":[{"start":{"line":167,"column":8},"end":{"line":177,"column":9}},{"start":{"line":167,"column":8},"end":{"line":177,"column":9}}],"line":167},"11":{"loc":{"start":{"line":170,"column":15},"end":{"line":177,"column":9}},"type":"if","locations":[{"start":{"line":170,"column":15},"end":{"line":177,"column":9}},{"start":{"line":170,"column":15},"end":{"line":177,"column":9}}],"line":170}},"s":{"0":7,"1":7,"2":7,"3":7,"4":4,"5":1,"6":3,"7":3,"8":1,"9":1,"10":2,"11":1,"12":1,"13":1,"14":1,"15":4,"16":1,"17":3,"18":3,"19":1,"20":1,"21":2,"22":1,"23":1,"24":1,"25":1,"26":4,"27":1,"28":3,"29":3,"30":1,"31":1,"32":2,"33":1,"34":1,"35":1,"36":1,"37":4,"38":1,"39":3,"40":3,"41":1,"42":1,"43":2,"44":1,"45":1,"46":1,"47":1,"48":4,"49":1,"50":3,"51":3,"52":1,"53":1,"54":2,"55":1,"56":1,"57":1,"58":1,"59":4,"60":1,"61":3,"62":3,"63":1,"64":1,"65":2,"66":1,"67":1,"68":1,"69":1},"f":{"0":4,"1":1,"2":3,"3":4,"4":1,"5":3,"6":4,"7":1,"8":3,"9":4,"10":1,"11":3,"12":4,"13":1,"14":3,"15":4,"16":1,"17":3},"b":{"0":[1,2],"1":[1,1],"2":[1,2],"3":[1,1],"4":[1,2],"5":[1,1],"6":[1,2],"7":[1,1],"8":[1,2],"9":[1,1],"10":[1,2],"11":[1,1]},"_coverageSchema":"1a1c01bbd47fc00a2c39e90264f33305004495a9","hash":"535d52b257f67b4e73e055f9c37bc4f78ca48de2"}
}
