TN:
SF:src\routes\cart\addtocart.js
FN:3,(anonymous_0)
FNF:1
FNH:1
FNDA:5,(anonymous_0)
DA:1,1
DA:3,1
DA:4,5
DA:5,5
DA:8,5
DA:11,4
DA:13,3
DA:14,2
DA:16,1
DA:20,1
DA:24,1
DA:25,1
DA:26,1
DA:30,1
DA:31,1
LF:15
LH:15
BRDA:8,0,0,4
BRDA:8,0,1,1
BRDA:8,1,0,5
BRDA:8,1,1,2
BRDA:8,1,2,1
BRDA:11,2,0,3
BRDA:11,2,1,1
BRDA:13,3,0,2
BRDA:13,3,1,1
BRF:9
BRH:9
end_of_record
TN:
SF:src\routes\cart\createcart.js
FN:3,(anonymous_0)
FNF:1
FNH:1
FNDA:5,(anonymous_0)
DA:1,1
DA:3,1
DA:4,5
DA:7,5
DA:10,4
DA:12,3
DA:13,2
DA:15,1
DA:19,1
DA:23,1
DA:24,1
DA:25,1
DA:29,1
DA:30,1
LF:14
LH:14
BRDA:7,0,0,4
BRDA:7,0,1,1
BRDA:7,1,0,5
BRDA:7,1,1,2
BRDA:7,1,2,1
BRDA:10,2,0,3
BRDA:10,2,1,1
BRDA:12,3,0,2
BRDA:12,3,1,1
BRF:9
BRH:9
end_of_record
TN:
SF:src\routes\cart\emptycart.js
FN:3,(anonymous_0)
FNF:1
FNH:1
FNDA:5,(anonymous_0)
DA:1,1
DA:3,1
DA:5,5
DA:6,5
DA:9,5
DA:12,4
DA:14,3
DA:15,2
DA:17,1
DA:21,1
DA:25,1
DA:26,1
DA:27,1
DA:31,1
DA:32,1
LF:15
LH:15
BRDA:9,0,0,4
BRDA:9,0,1,1
BRDA:9,1,0,5
BRDA:9,1,1,2
BRDA:9,1,2,1
BRDA:12,2,0,3
BRDA:12,2,1,1
BRDA:14,3,0,2
BRDA:14,3,1,1
BRF:9
BRH:9
end_of_record
TN:
SF:src\routes\cart\fetchcart.js
FN:3,(anonymous_0)
FNF:1
FNH:1
FNDA:5,(anonymous_0)
DA:1,1
DA:3,1
DA:4,5
DA:5,5
DA:8,5
DA:11,4
DA:13,3
DA:14,2
DA:16,1
DA:20,1
DA:24,1
DA:25,1
DA:26,1
DA:30,1
DA:31,1
LF:15
LH:15
BRDA:8,0,0,4
BRDA:8,0,1,1
BRDA:8,1,0,5
BRDA:8,1,1,2
BRDA:8,1,2,1
BRDA:11,2,0,3
BRDA:11,2,1,1
BRDA:13,3,0,2
BRDA:13,3,1,1
BRF:9
BRH:9
end_of_record
TN:
SF:src\routes\cart\removefromcart.js
FN:3,(anonymous_0)
FNF:1
FNH:1
FNDA:5,(anonymous_0)
DA:1,1
DA:3,1
DA:4,5
DA:5,5
DA:8,5
DA:11,4
DA:13,3
DA:14,2
DA:16,1
DA:20,1
DA:24,1
DA:25,1
DA:26,1
DA:30,1
DA:31,1
LF:15
LH:15
BRDA:8,0,0,4
BRDA:8,0,1,1
BRDA:8,1,0,5
BRDA:8,1,1,2
BRDA:8,1,2,1
BRDA:11,2,0,3
BRDA:11,2,1,1
BRDA:13,3,0,2
BRDA:13,3,1,1
BRF:9
BRH:9
end_of_record
TN:
SF:src\routes\cart\updatecartqty.js
FN:3,(anonymous_0)
FNF:1
FNH:1
FNDA:5,(anonymous_0)
DA:1,1
DA:3,1
DA:4,5
DA:6,5
DA:9,5
DA:12,4
DA:14,3
DA:15,2
DA:17,1
DA:21,1
DA:25,1
DA:26,1
DA:27,1
DA:31,1
DA:32,1
LF:15
LH:15
BRDA:9,0,0,4
BRDA:9,0,1,1
BRDA:9,1,0,5
BRDA:9,1,1,2
BRDA:9,1,2,1
BRDA:12,2,0,3
BRDA:12,2,1,1
BRDA:14,3,0,2
BRDA:14,3,1,1
BRF:9
BRH:9
end_of_record
TN:
SF:src\routes\functions\cart.js
FN:26,(anonymous_0)
FN:27,(anonymous_1)
FN:29,(anonymous_2)
FN:54,(anonymous_3)
FN:55,(anonymous_4)
FN:57,(anonymous_5)
FN:81,(anonymous_6)
FN:82,(anonymous_7)
FN:84,(anonymous_8)
FN:106,(anonymous_9)
FN:107,(anonymous_10)
FN:109,(anonymous_11)
FN:131,(anonymous_12)
FN:133,(anonymous_13)
FN:136,(anonymous_14)
FN:158,(anonymous_15)
FN:160,(anonymous_16)
FN:163,(anonymous_17)
FNF:18
FNH:18
FNDA:4,(anonymous_0)
FNDA:1,(anonymous_1)
FNDA:3,(anonymous_2)
FNDA:4,(anonymous_3)
FNDA:1,(anonymous_4)
FNDA:3,(anonymous_5)
FNDA:4,(anonymous_6)
FNDA:1,(anonymous_7)
FNDA:3,(anonymous_8)
FNDA:4,(anonymous_9)
FNDA:1,(anonymous_10)
FNDA:3,(anonymous_11)
FNDA:4,(anonymous_12)
FNDA:1,(anonymous_13)
FNDA:3,(anonymous_14)
FNDA:4,(anonymous_15)
FNDA:1,(anonymous_16)
FNDA:3,(anonymous_17)
DA:2,7
DA:5,7
DA:7,7
DA:16,7
DA:27,4
DA:28,1
DA:31,3
DA:33,3
DA:34,1
DA:35,1
DA:36,2
DA:37,1
DA:38,1
DA:40,1
DA:41,1
DA:55,4
DA:56,1
DA:59,3
DA:61,3
DA:62,1
DA:63,1
DA:64,2
DA:65,1
DA:66,1
DA:68,1
DA:69,1
DA:82,4
DA:83,1
DA:86,3
DA:88,3
DA:89,1
DA:90,1
DA:91,2
DA:92,1
DA:93,1
DA:95,1
DA:96,1
DA:107,4
DA:108,1
DA:111,3
DA:113,3
DA:114,1
DA:115,1
DA:116,2
DA:117,1
DA:118,1
DA:120,1
DA:121,1
DA:132,4
DA:134,1
DA:138,3
DA:140,3
DA:141,1
DA:142,1
DA:143,2
DA:144,1
DA:145,1
DA:147,1
DA:148,1
DA:159,4
DA:161,1
DA:165,3
DA:167,3
DA:168,1
DA:169,1
DA:170,2
DA:171,1
DA:172,1
DA:174,1
DA:175,1
LF:70
LH:70
BRDA:33,0,0,1
BRDA:33,0,1,2
BRDA:36,1,0,1
BRDA:36,1,1,1
BRDA:61,2,0,1
BRDA:61,2,1,2
BRDA:64,3,0,1
BRDA:64,3,1,1
BRDA:88,4,0,1
BRDA:88,4,1,2
BRDA:91,5,0,1
BRDA:91,5,1,1
BRDA:113,6,0,1
BRDA:113,6,1,2
BRDA:116,7,0,1
BRDA:116,7,1,1
BRDA:140,8,0,1
BRDA:140,8,1,2
BRDA:143,9,0,1
BRDA:143,9,1,1
BRDA:167,10,0,1
BRDA:167,10,1,2
BRDA:170,11,0,1
BRDA:170,11,1,1
BRF:24
BRH:24
end_of_record
